<?xml version="1.0" encoding="UTF-8"?>
<!-- Generated by org.testng.reporters.JUnitReportReporter -->
<testsuite skipped="0" hostname="DGOPI-LAP" name="edureka.selenium.jenkin.selenium_jenkin_proj.SeleniumDemo" tests="1" failures="0" timestamp="27 Aug 2018 07:11:45 GMT" time="26.768" errors="0">
  <testcase name="LoginTest" time="26.768" classname="edureka.selenium.jenkin.selenium_jenkin_proj.SeleniumDemo"/>
</testsuite> <!-- edureka.selenium.jenkin.selenium_jenkin_proj.SeleniumDemo -->
